<?xml version="1.0" encoding="UTF-8"?>
<!-- Generated by org.testng.reporters.JUnitReportReporter -->
<testsuite hostname="AAD-PF27V4RJ" failures="0" tests="4" name="com.searchmodule.tests.SearchTest" time="8.582" errors="0" timestamp="11 Dec 2021 14:56:41 GMT" skipped="0">
  <testcase classname="com.searchmodule.tests.SearchTest" name="search" time="1.917"/>
  <testcase classname="com.searchmodule.tests.SearchTest" name="search" time="3.109"/>
  <testcase classname="com.searchmodule.tests.SearchTest" name="search" time="1.678"/>
  <testcase classname="com.searchmodule.tests.SearchTest" name="search" time="1.878"/>
</testsuite> <!-- com.searchmodule.tests.SearchTest -->
